{
  "stats": {
    "suites": 1,
    "tests": 5,
    "passes": 0,
    "pending": 0,
    "failures": 5,
    "start": "2022-09-19T21:01:31.285Z",
    "end": "2022-09-19T21:02:50.658Z",
    "duration": 79373,
    "testsRegistered": 5,
    "passPercent": 0,
    "pendingPercent": 0,
    "other": 0,
    "hasOther": false,
    "skipped": 0,
    "hasSkipped": false
  },
  "results": [
    {
      "uuid": "bab3e255-8424-44a5-b70c-3f8d9015204a",
      "title": "",
      "fullFile": "cypress\\e2e\\features\\Testsuite\\testsuite.feature",
      "file": "cypress\\e2e\\features\\Testsuite\\testsuite.feature",
      "beforeHooks": [],
      "afterHooks": [],
      "tests": [],
      "suites": [
        {
          "uuid": "6798c208-3ec8-4c4d-86dc-db8416302ae8",
          "title": "Test Application https://unsplash.com",
          "fullFile": "",
          "file": "",
          "beforeHooks": [],
          "afterHooks": [],
          "tests": [
            {
              "title": "Scenario 1_Follow a photographer successfully (example #1)",
              "fullTitle": "Test Application https://unsplash.com Scenario 1_Follow a photographer successfully (example #1)",
              "timedOut": null,
              "duration": 8721,
              "state": "failed",
              "speed": null,
              "pass": false,
              "fail": true,
              "pending": false,
              "context": "{\n  \"title\": \"cypress-mochawesome-reporter-screenshots\",\n  \"value\": [\n    [\n      {\n        \"title\": \"Failed screenshot\",\n        \"value\": \"\\\\testsuite.feature\\\\Test Application httpsunsplash.com -- Scenario 1_Follow a photographer successfully (example #1) (failed).png\"\n      }\n    ],\n    [\n      {\n        \"title\": \"Failed screenshot\",\n        \"value\": \"\\\\testsuite.feature\\\\Test Application httpsunsplash.com -- Scenario 1_Follow a photographer successfully (example #1) (failed) (attempt 2).png\"\n      }\n    ]\n  ]\n}",
              "code": "var _a2, _b, _c, _d, _e;\nconst { remainingSteps, testCaseStartedId } = retrieveInternalProperties();\n(0, registry_1.assignRegistry)(registry2);\nmessages.stack.push({\n  testCaseStarted: {\n    id: testCaseStartedId,\n    testCaseId,\n    attempt: attempt++,\n    timestamp: createTimestamp()\n  }\n});\nwindow.testState = {\n  gherkinDocument,\n  pickles,\n  pickle\n};\nfor (const step of steps) {\n  if (step.hook) {\n    const hook = step.hook;\n    cy.then(() => {\n      Cypress.log({\n        name: \"step\",\n        displayName: hook.keyword,\n        message: \"\"\n      });\n      const start = createTimestamp();\n      messages.stack.push({\n        testStepStarted: {\n          testStepId: hook.id,\n          testCaseStartedId,\n          timestamp: start\n        }\n      });\n      if (messages.enabled) {\n        cy.task(constants_1.TASK_TEST_STEP_STARTED, hook.id, { log: false });\n      }\n      return cy.wrap(start, { log: false });\n    }).then((start) => {\n      registry2.runHook(this, hook);\n      return cy.wrap(start, { log: false });\n    }).then((start) => {\n      const end = createTimestamp();\n      messages.stack.push({\n        testStepFinished: {\n          testStepId: hook.id,\n          testCaseStartedId,\n          testStepResult: {\n            status: Status.Passed,\n            duration: duration(start, end)\n          },\n          timestamp: end\n        }\n      });\n      remainingSteps.shift();\n    });\n  } else if (step.pickleStep) {\n    const pickleStep = step.pickleStep;\n    const text = (0, assertions_1.assertAndReturn)(pickleStep.text, \"Expected pickle step to have a text\");\n    const scenarioStep = (0, assertions_1.assertAndReturn)(astIdMap.get((0, assertions_1.assertAndReturn)((_a2 = pickleStep.astNodeIds) === null || _a2 === void 0 ? void 0 : _a2[0], \"Expected to find at least one astNodeId\")), `Expected to find scenario step associated with id = ${(_b = pickleStep.astNodeIds) === null || _b === void 0 ? void 0 : _b[0]}`);\n    cy.then(() => {\n      Cypress.log({\n        name: \"step\",\n        displayName: (0, assertions_1.assertAndReturn)(\"keyword\" in scenarioStep && scenarioStep.keyword, \"Expected to find a keyword in the scenario step\"),\n        message: text\n      });\n    });\n    const argument = ((_c = pickleStep.argument) === null || _c === void 0 ? void 0 : _c.dataTable) ? new data_table_1.default(pickleStep.argument.dataTable) : ((_e = (_d = pickleStep.argument) === null || _d === void 0 ? void 0 : _d.docString) === null || _e === void 0 ? void 0 : _e.content) ? pickleStep.argument.docString.content : void 0;\n    cy.then(() => {\n      internalProperties.currentStep = { pickleStep };\n      const start = createTimestamp();\n      messages.stack.push({\n        testStepStarted: {\n          testStepId: pickleStep.id,\n          testCaseStartedId,\n          timestamp: start\n        }\n      });\n      if (messages.enabled) {\n        cy.task(constants_1.TASK_TEST_STEP_STARTED, pickleStep.id, { log: false });\n      }\n      return cy.wrap(start, { log: false });\n    }).then((start) => {\n      const ensureChain = (value) => Cypress.isCy(value) ? value : cy.wrap(value, { log: false });\n      try {\n        return ensureChain(registry2.runStepDefininition(this, text, argument)).then((result) => {\n          return {\n            start,\n            result\n          };\n        });\n      } catch (e) {\n        if (e instanceof registry_1.MissingDefinitionError) {\n          throw new Error(createMissingStepDefinitionMessage(context, text));\n        } else {\n          throw e;\n        }\n      }\n    }).then(({ start, result }) => {\n      var _a3, _b2, _c2;\n      const end = createTimestamp();\n      if (result === \"pending\") {\n        messages.stack.push({\n          testStepFinished: {\n            testStepId: pickleStep.id,\n            testCaseStartedId,\n            testStepResult: {\n              status: Status.Pending,\n              duration: duration(start, end)\n            },\n            timestamp: end\n          }\n        });\n        remainingSteps.shift();\n        for (const skippedStep of remainingSteps) {\n          const testStepId = (0, assertions_1.assertAndReturn)((_b2 = (_a3 = skippedStep.hook) === null || _a3 === void 0 ? void 0 : _a3.id) !== null && _b2 !== void 0 ? _b2 : (_c2 = skippedStep.pickleStep) === null || _c2 === void 0 ? void 0 : _c2.id, \"Expected a step to either be a hook or a pickleStep\");\n          messages.stack.push({\n            testStepStarted: {\n              testStepId,\n              testCaseStartedId\n            }\n          });\n          messages.stack.push({\n            testStepFinished: {\n              testStepId,\n              testCaseStartedId,\n              testStepResult: {\n                status: Status.Skipped\n              }\n            }\n          });\n        }\n        for (let i = 0, count = remainingSteps.length; i < count; i++) {\n          remainingSteps.pop();\n        }\n        this.skip();\n      } else {\n        messages.stack.push({\n          testStepFinished: {\n            testStepId: pickleStep.id,\n            testCaseStartedId,\n            testStepResult: {\n              status: Status.Passed,\n              duration: duration(start, end)\n            },\n            timestamp: end\n          }\n        });\n        remainingSteps.shift();\n      }\n    });\n  }\n}",
              "err": {
                "message": "TypeError: loginPage.IsVisibilePage is not a function",
                "estack": "TypeError: loginPage.IsVisibilePage is not a function\n    at Context.eval (https://unsplash.com/__cypress/tests?p=cypress\\e2e\\features\\Testsuite\\testsuite.feature:10163:19)\n    at Registry.runStepDefininition (https://unsplash.com/__cypress/tests?p=cypress\\e2e\\features\\Testsuite\\testsuite.feature:8324:48)\n    at Context.eval (https://unsplash.com/__cypress/tests?p=cypress\\e2e\\features\\Testsuite\\testsuite.feature:9100:48)",
                "diff": null
              },
              "uuid": "cddb6566-9947-47f2-bf68-7ffb9aad50a2",
              "parentUUID": "6798c208-3ec8-4c4d-86dc-db8416302ae8",
              "isHook": false,
              "skipped": false
            },
            {
              "title": "Scenario2_Update the username URL in the Profile page (example #1)",
              "fullTitle": "Test Application https://unsplash.com Scenario2_Update the username URL in the Profile page (example #1)",
              "timedOut": null,
              "duration": 7244,
              "state": "failed",
              "speed": null,
              "pass": false,
              "fail": true,
              "pending": false,
              "context": "{\n  \"title\": \"cypress-mochawesome-reporter-screenshots\",\n  \"value\": [\n    [\n      {\n        \"title\": \"Failed screenshot\",\n        \"value\": \"\\\\testsuite.feature\\\\Test Application httpsunsplash.com -- Scenario2_Update the username URL in the Profile page (example #1) (failed).png\"\n      }\n    ],\n    [\n      {\n        \"title\": \"Failed screenshot\",\n        \"value\": \"\\\\testsuite.feature\\\\Test Application httpsunsplash.com -- Scenario2_Update the username URL in the Profile page (example #1) (failed) (attempt 2).png\"\n      }\n    ]\n  ]\n}",
              "code": "var _a2, _b, _c, _d, _e;\nconst { remainingSteps, testCaseStartedId } = retrieveInternalProperties();\n(0, registry_1.assignRegistry)(registry2);\nmessages.stack.push({\n  testCaseStarted: {\n    id: testCaseStartedId,\n    testCaseId,\n    attempt: attempt++,\n    timestamp: createTimestamp()\n  }\n});\nwindow.testState = {\n  gherkinDocument,\n  pickles,\n  pickle\n};\nfor (const step of steps) {\n  if (step.hook) {\n    const hook = step.hook;\n    cy.then(() => {\n      Cypress.log({\n        name: \"step\",\n        displayName: hook.keyword,\n        message: \"\"\n      });\n      const start = createTimestamp();\n      messages.stack.push({\n        testStepStarted: {\n          testStepId: hook.id,\n          testCaseStartedId,\n          timestamp: start\n        }\n      });\n      if (messages.enabled) {\n        cy.task(constants_1.TASK_TEST_STEP_STARTED, hook.id, { log: false });\n      }\n      return cy.wrap(start, { log: false });\n    }).then((start) => {\n      registry2.runHook(this, hook);\n      return cy.wrap(start, { log: false });\n    }).then((start) => {\n      const end = createTimestamp();\n      messages.stack.push({\n        testStepFinished: {\n          testStepId: hook.id,\n          testCaseStartedId,\n          testStepResult: {\n            status: Status.Passed,\n            duration: duration(start, end)\n          },\n          timestamp: end\n        }\n      });\n      remainingSteps.shift();\n    });\n  } else if (step.pickleStep) {\n    const pickleStep = step.pickleStep;\n    const text = (0, assertions_1.assertAndReturn)(pickleStep.text, \"Expected pickle step to have a text\");\n    const scenarioStep = (0, assertions_1.assertAndReturn)(astIdMap.get((0, assertions_1.assertAndReturn)((_a2 = pickleStep.astNodeIds) === null || _a2 === void 0 ? void 0 : _a2[0], \"Expected to find at least one astNodeId\")), `Expected to find scenario step associated with id = ${(_b = pickleStep.astNodeIds) === null || _b === void 0 ? void 0 : _b[0]}`);\n    cy.then(() => {\n      Cypress.log({\n        name: \"step\",\n        displayName: (0, assertions_1.assertAndReturn)(\"keyword\" in scenarioStep && scenarioStep.keyword, \"Expected to find a keyword in the scenario step\"),\n        message: text\n      });\n    });\n    const argument = ((_c = pickleStep.argument) === null || _c === void 0 ? void 0 : _c.dataTable) ? new data_table_1.default(pickleStep.argument.dataTable) : ((_e = (_d = pickleStep.argument) === null || _d === void 0 ? void 0 : _d.docString) === null || _e === void 0 ? void 0 : _e.content) ? pickleStep.argument.docString.content : void 0;\n    cy.then(() => {\n      internalProperties.currentStep = { pickleStep };\n      const start = createTimestamp();\n      messages.stack.push({\n        testStepStarted: {\n          testStepId: pickleStep.id,\n          testCaseStartedId,\n          timestamp: start\n        }\n      });\n      if (messages.enabled) {\n        cy.task(constants_1.TASK_TEST_STEP_STARTED, pickleStep.id, { log: false });\n      }\n      return cy.wrap(start, { log: false });\n    }).then((start) => {\n      const ensureChain = (value) => Cypress.isCy(value) ? value : cy.wrap(value, { log: false });\n      try {\n        return ensureChain(registry2.runStepDefininition(this, text, argument)).then((result) => {\n          return {\n            start,\n            result\n          };\n        });\n      } catch (e) {\n        if (e instanceof registry_1.MissingDefinitionError) {\n          throw new Error(createMissingStepDefinitionMessage(context, text));\n        } else {\n          throw e;\n        }\n      }\n    }).then(({ start, result }) => {\n      var _a3, _b2, _c2;\n      const end = createTimestamp();\n      if (result === \"pending\") {\n        messages.stack.push({\n          testStepFinished: {\n            testStepId: pickleStep.id,\n            testCaseStartedId,\n            testStepResult: {\n              status: Status.Pending,\n              duration: duration(start, end)\n            },\n            timestamp: end\n          }\n        });\n        remainingSteps.shift();\n        for (const skippedStep of remainingSteps) {\n          const testStepId = (0, assertions_1.assertAndReturn)((_b2 = (_a3 = skippedStep.hook) === null || _a3 === void 0 ? void 0 : _a3.id) !== null && _b2 !== void 0 ? _b2 : (_c2 = skippedStep.pickleStep) === null || _c2 === void 0 ? void 0 : _c2.id, \"Expected a step to either be a hook or a pickleStep\");\n          messages.stack.push({\n            testStepStarted: {\n              testStepId,\n              testCaseStartedId\n            }\n          });\n          messages.stack.push({\n            testStepFinished: {\n              testStepId,\n              testCaseStartedId,\n              testStepResult: {\n                status: Status.Skipped\n              }\n            }\n          });\n        }\n        for (let i = 0, count = remainingSteps.length; i < count; i++) {\n          remainingSteps.pop();\n        }\n        this.skip();\n      } else {\n        messages.stack.push({\n          testStepFinished: {\n            testStepId: pickleStep.id,\n            testCaseStartedId,\n            testStepResult: {\n              status: Status.Passed,\n              duration: duration(start, end)\n            },\n            timestamp: end\n          }\n        });\n        remainingSteps.shift();\n      }\n    });\n  }\n}",
              "err": {
                "message": "TypeError: loginPage.IsVisibilePage is not a function",
                "estack": "TypeError: loginPage.IsVisibilePage is not a function\n    at Context.eval (https://unsplash.com/__cypress/tests?p=cypress\\e2e\\features\\Testsuite\\testsuite.feature:10163:19)\n    at Registry.runStepDefininition (https://unsplash.com/__cypress/tests?p=cypress\\e2e\\features\\Testsuite\\testsuite.feature:8324:48)\n    at Context.eval (https://unsplash.com/__cypress/tests?p=cypress\\e2e\\features\\Testsuite\\testsuite.feature:9100:48)",
                "diff": null
              },
              "uuid": "f9268bf4-f3eb-4da3-8e27-49783a05a549",
              "parentUUID": "6798c208-3ec8-4c4d-86dc-db8416302ae8",
              "isHook": false,
              "skipped": false
            },
            {
              "title": "Scenario 5_Download photo successfully (example #1)",
              "fullTitle": "Test Application https://unsplash.com Scenario 5_Download photo successfully (example #1)",
              "timedOut": null,
              "duration": 7216,
              "state": "failed",
              "speed": null,
              "pass": false,
              "fail": true,
              "pending": false,
              "context": "{\n  \"title\": \"cypress-mochawesome-reporter-screenshots\",\n  \"value\": [\n    [\n      {\n        \"title\": \"Failed screenshot\",\n        \"value\": \"\\\\testsuite.feature\\\\Test Application httpsunsplash.com -- Scenario 5_Download photo successfully (example #1) (failed).png\"\n      }\n    ],\n    [\n      {\n        \"title\": \"Failed screenshot\",\n        \"value\": \"\\\\testsuite.feature\\\\Test Application httpsunsplash.com -- Scenario 5_Download photo successfully (example #1) (failed) (attempt 2).png\"\n      }\n    ]\n  ]\n}",
              "code": "var _a2, _b, _c, _d, _e;\nconst { remainingSteps, testCaseStartedId } = retrieveInternalProperties();\n(0, registry_1.assignRegistry)(registry2);\nmessages.stack.push({\n  testCaseStarted: {\n    id: testCaseStartedId,\n    testCaseId,\n    attempt: attempt++,\n    timestamp: createTimestamp()\n  }\n});\nwindow.testState = {\n  gherkinDocument,\n  pickles,\n  pickle\n};\nfor (const step of steps) {\n  if (step.hook) {\n    const hook = step.hook;\n    cy.then(() => {\n      Cypress.log({\n        name: \"step\",\n        displayName: hook.keyword,\n        message: \"\"\n      });\n      const start = createTimestamp();\n      messages.stack.push({\n        testStepStarted: {\n          testStepId: hook.id,\n          testCaseStartedId,\n          timestamp: start\n        }\n      });\n      if (messages.enabled) {\n        cy.task(constants_1.TASK_TEST_STEP_STARTED, hook.id, { log: false });\n      }\n      return cy.wrap(start, { log: false });\n    }).then((start) => {\n      registry2.runHook(this, hook);\n      return cy.wrap(start, { log: false });\n    }).then((start) => {\n      const end = createTimestamp();\n      messages.stack.push({\n        testStepFinished: {\n          testStepId: hook.id,\n          testCaseStartedId,\n          testStepResult: {\n            status: Status.Passed,\n            duration: duration(start, end)\n          },\n          timestamp: end\n        }\n      });\n      remainingSteps.shift();\n    });\n  } else if (step.pickleStep) {\n    const pickleStep = step.pickleStep;\n    const text = (0, assertions_1.assertAndReturn)(pickleStep.text, \"Expected pickle step to have a text\");\n    const scenarioStep = (0, assertions_1.assertAndReturn)(astIdMap.get((0, assertions_1.assertAndReturn)((_a2 = pickleStep.astNodeIds) === null || _a2 === void 0 ? void 0 : _a2[0], \"Expected to find at least one astNodeId\")), `Expected to find scenario step associated with id = ${(_b = pickleStep.astNodeIds) === null || _b === void 0 ? void 0 : _b[0]}`);\n    cy.then(() => {\n      Cypress.log({\n        name: \"step\",\n        displayName: (0, assertions_1.assertAndReturn)(\"keyword\" in scenarioStep && scenarioStep.keyword, \"Expected to find a keyword in the scenario step\"),\n        message: text\n      });\n    });\n    const argument = ((_c = pickleStep.argument) === null || _c === void 0 ? void 0 : _c.dataTable) ? new data_table_1.default(pickleStep.argument.dataTable) : ((_e = (_d = pickleStep.argument) === null || _d === void 0 ? void 0 : _d.docString) === null || _e === void 0 ? void 0 : _e.content) ? pickleStep.argument.docString.content : void 0;\n    cy.then(() => {\n      internalProperties.currentStep = { pickleStep };\n      const start = createTimestamp();\n      messages.stack.push({\n        testStepStarted: {\n          testStepId: pickleStep.id,\n          testCaseStartedId,\n          timestamp: start\n        }\n      });\n      if (messages.enabled) {\n        cy.task(constants_1.TASK_TEST_STEP_STARTED, pickleStep.id, { log: false });\n      }\n      return cy.wrap(start, { log: false });\n    }).then((start) => {\n      const ensureChain = (value) => Cypress.isCy(value) ? value : cy.wrap(value, { log: false });\n      try {\n        return ensureChain(registry2.runStepDefininition(this, text, argument)).then((result) => {\n          return {\n            start,\n            result\n          };\n        });\n      } catch (e) {\n        if (e instanceof registry_1.MissingDefinitionError) {\n          throw new Error(createMissingStepDefinitionMessage(context, text));\n        } else {\n          throw e;\n        }\n      }\n    }).then(({ start, result }) => {\n      var _a3, _b2, _c2;\n      const end = createTimestamp();\n      if (result === \"pending\") {\n        messages.stack.push({\n          testStepFinished: {\n            testStepId: pickleStep.id,\n            testCaseStartedId,\n            testStepResult: {\n              status: Status.Pending,\n              duration: duration(start, end)\n            },\n            timestamp: end\n          }\n        });\n        remainingSteps.shift();\n        for (const skippedStep of remainingSteps) {\n          const testStepId = (0, assertions_1.assertAndReturn)((_b2 = (_a3 = skippedStep.hook) === null || _a3 === void 0 ? void 0 : _a3.id) !== null && _b2 !== void 0 ? _b2 : (_c2 = skippedStep.pickleStep) === null || _c2 === void 0 ? void 0 : _c2.id, \"Expected a step to either be a hook or a pickleStep\");\n          messages.stack.push({\n            testStepStarted: {\n              testStepId,\n              testCaseStartedId\n            }\n          });\n          messages.stack.push({\n            testStepFinished: {\n              testStepId,\n              testCaseStartedId,\n              testStepResult: {\n                status: Status.Skipped\n              }\n            }\n          });\n        }\n        for (let i = 0, count = remainingSteps.length; i < count; i++) {\n          remainingSteps.pop();\n        }\n        this.skip();\n      } else {\n        messages.stack.push({\n          testStepFinished: {\n            testStepId: pickleStep.id,\n            testCaseStartedId,\n            testStepResult: {\n              status: Status.Passed,\n              duration: duration(start, end)\n            },\n            timestamp: end\n          }\n        });\n        remainingSteps.shift();\n      }\n    });\n  }\n}",
              "err": {
                "message": "TypeError: loginPage.IsVisibilePage is not a function",
                "estack": "TypeError: loginPage.IsVisibilePage is not a function\n    at Context.eval (https://unsplash.com/__cypress/tests?p=cypress\\e2e\\features\\Testsuite\\testsuite.feature:10163:19)\n    at Registry.runStepDefininition (https://unsplash.com/__cypress/tests?p=cypress\\e2e\\features\\Testsuite\\testsuite.feature:8324:48)\n    at Context.eval (https://unsplash.com/__cypress/tests?p=cypress\\e2e\\features\\Testsuite\\testsuite.feature:9100:48)",
                "diff": null
              },
              "uuid": "b83b2e07-51bd-49de-8426-c94fa3b64ca3",
              "parentUUID": "6798c208-3ec8-4c4d-86dc-db8416302ae8",
              "isHook": false,
              "skipped": false
            },
            {
              "title": "Scenario3_List of liked photos (example #1)",
              "fullTitle": "Test Application https://unsplash.com Scenario3_List of liked photos (example #1)",
              "timedOut": null,
              "duration": 7015,
              "state": "failed",
              "speed": null,
              "pass": false,
              "fail": true,
              "pending": false,
              "context": "{\n  \"title\": \"cypress-mochawesome-reporter-screenshots\",\n  \"value\": [\n    [\n      {\n        \"title\": \"Failed screenshot\",\n        \"value\": \"\\\\testsuite.feature\\\\Test Application httpsunsplash.com -- Scenario3_List of liked photos (example #1) (failed).png\"\n      }\n    ],\n    [\n      {\n        \"title\": \"Failed screenshot\",\n        \"value\": \"\\\\testsuite.feature\\\\Test Application httpsunsplash.com -- Scenario3_List of liked photos (example #1) (failed) (attempt 2).png\"\n      }\n    ]\n  ]\n}",
              "code": "var _a2, _b, _c, _d, _e;\nconst { remainingSteps, testCaseStartedId } = retrieveInternalProperties();\n(0, registry_1.assignRegistry)(registry2);\nmessages.stack.push({\n  testCaseStarted: {\n    id: testCaseStartedId,\n    testCaseId,\n    attempt: attempt++,\n    timestamp: createTimestamp()\n  }\n});\nwindow.testState = {\n  gherkinDocument,\n  pickles,\n  pickle\n};\nfor (const step of steps) {\n  if (step.hook) {\n    const hook = step.hook;\n    cy.then(() => {\n      Cypress.log({\n        name: \"step\",\n        displayName: hook.keyword,\n        message: \"\"\n      });\n      const start = createTimestamp();\n      messages.stack.push({\n        testStepStarted: {\n          testStepId: hook.id,\n          testCaseStartedId,\n          timestamp: start\n        }\n      });\n      if (messages.enabled) {\n        cy.task(constants_1.TASK_TEST_STEP_STARTED, hook.id, { log: false });\n      }\n      return cy.wrap(start, { log: false });\n    }).then((start) => {\n      registry2.runHook(this, hook);\n      return cy.wrap(start, { log: false });\n    }).then((start) => {\n      const end = createTimestamp();\n      messages.stack.push({\n        testStepFinished: {\n          testStepId: hook.id,\n          testCaseStartedId,\n          testStepResult: {\n            status: Status.Passed,\n            duration: duration(start, end)\n          },\n          timestamp: end\n        }\n      });\n      remainingSteps.shift();\n    });\n  } else if (step.pickleStep) {\n    const pickleStep = step.pickleStep;\n    const text = (0, assertions_1.assertAndReturn)(pickleStep.text, \"Expected pickle step to have a text\");\n    const scenarioStep = (0, assertions_1.assertAndReturn)(astIdMap.get((0, assertions_1.assertAndReturn)((_a2 = pickleStep.astNodeIds) === null || _a2 === void 0 ? void 0 : _a2[0], \"Expected to find at least one astNodeId\")), `Expected to find scenario step associated with id = ${(_b = pickleStep.astNodeIds) === null || _b === void 0 ? void 0 : _b[0]}`);\n    cy.then(() => {\n      Cypress.log({\n        name: \"step\",\n        displayName: (0, assertions_1.assertAndReturn)(\"keyword\" in scenarioStep && scenarioStep.keyword, \"Expected to find a keyword in the scenario step\"),\n        message: text\n      });\n    });\n    const argument = ((_c = pickleStep.argument) === null || _c === void 0 ? void 0 : _c.dataTable) ? new data_table_1.default(pickleStep.argument.dataTable) : ((_e = (_d = pickleStep.argument) === null || _d === void 0 ? void 0 : _d.docString) === null || _e === void 0 ? void 0 : _e.content) ? pickleStep.argument.docString.content : void 0;\n    cy.then(() => {\n      internalProperties.currentStep = { pickleStep };\n      const start = createTimestamp();\n      messages.stack.push({\n        testStepStarted: {\n          testStepId: pickleStep.id,\n          testCaseStartedId,\n          timestamp: start\n        }\n      });\n      if (messages.enabled) {\n        cy.task(constants_1.TASK_TEST_STEP_STARTED, pickleStep.id, { log: false });\n      }\n      return cy.wrap(start, { log: false });\n    }).then((start) => {\n      const ensureChain = (value) => Cypress.isCy(value) ? value : cy.wrap(value, { log: false });\n      try {\n        return ensureChain(registry2.runStepDefininition(this, text, argument)).then((result) => {\n          return {\n            start,\n            result\n          };\n        });\n      } catch (e) {\n        if (e instanceof registry_1.MissingDefinitionError) {\n          throw new Error(createMissingStepDefinitionMessage(context, text));\n        } else {\n          throw e;\n        }\n      }\n    }).then(({ start, result }) => {\n      var _a3, _b2, _c2;\n      const end = createTimestamp();\n      if (result === \"pending\") {\n        messages.stack.push({\n          testStepFinished: {\n            testStepId: pickleStep.id,\n            testCaseStartedId,\n            testStepResult: {\n              status: Status.Pending,\n              duration: duration(start, end)\n            },\n            timestamp: end\n          }\n        });\n        remainingSteps.shift();\n        for (const skippedStep of remainingSteps) {\n          const testStepId = (0, assertions_1.assertAndReturn)((_b2 = (_a3 = skippedStep.hook) === null || _a3 === void 0 ? void 0 : _a3.id) !== null && _b2 !== void 0 ? _b2 : (_c2 = skippedStep.pickleStep) === null || _c2 === void 0 ? void 0 : _c2.id, \"Expected a step to either be a hook or a pickleStep\");\n          messages.stack.push({\n            testStepStarted: {\n              testStepId,\n              testCaseStartedId\n            }\n          });\n          messages.stack.push({\n            testStepFinished: {\n              testStepId,\n              testCaseStartedId,\n              testStepResult: {\n                status: Status.Skipped\n              }\n            }\n          });\n        }\n        for (let i = 0, count = remainingSteps.length; i < count; i++) {\n          remainingSteps.pop();\n        }\n        this.skip();\n      } else {\n        messages.stack.push({\n          testStepFinished: {\n            testStepId: pickleStep.id,\n            testCaseStartedId,\n            testStepResult: {\n              status: Status.Passed,\n              duration: duration(start, end)\n            },\n            timestamp: end\n          }\n        });\n        remainingSteps.shift();\n      }\n    });\n  }\n}",
              "err": {
                "message": "TypeError: loginPage.IsVisibilePage is not a function",
                "estack": "TypeError: loginPage.IsVisibilePage is not a function\n    at Context.eval (https://unsplash.com/__cypress/tests?p=cypress\\e2e\\features\\Testsuite\\testsuite.feature:10163:19)\n    at Registry.runStepDefininition (https://unsplash.com/__cypress/tests?p=cypress\\e2e\\features\\Testsuite\\testsuite.feature:8324:48)\n    at Context.eval (https://unsplash.com/__cypress/tests?p=cypress\\e2e\\features\\Testsuite\\testsuite.feature:9100:48)",
                "diff": null
              },
              "uuid": "68a68111-6bc6-4c40-8b0b-ac0e0a017ce5",
              "parentUUID": "6798c208-3ec8-4c4d-86dc-db8416302ae8",
              "isHook": false,
              "skipped": false
            },
            {
              "title": "Scenario 4_Remove photos from the collection successfully (example #1)",
              "fullTitle": "Test Application https://unsplash.com Scenario 4_Remove photos from the collection successfully (example #1)",
              "timedOut": null,
              "duration": 5911,
              "state": "failed",
              "speed": null,
              "pass": false,
              "fail": true,
              "pending": false,
              "context": "{\n  \"title\": \"cypress-mochawesome-reporter-screenshots\",\n  \"value\": [\n    [\n      {\n        \"title\": \"Failed screenshot\",\n        \"value\": \"\\\\testsuite.feature\\\\Test Application httpsunsplash.com -- Scenario 4_Remove photos from the collection successfully (example #1) (failed).png\"\n      }\n    ],\n    [\n      {\n        \"title\": \"Failed screenshot\",\n        \"value\": \"\\\\testsuite.feature\\\\Test Application httpsunsplash.com -- Scenario 4_Remove photos from the collection successfully (example #1) (failed) (attempt 2).png\"\n      }\n    ]\n  ]\n}",
              "code": "var _a2, _b, _c, _d, _e;\nconst { remainingSteps, testCaseStartedId } = retrieveInternalProperties();\n(0, registry_1.assignRegistry)(registry2);\nmessages.stack.push({\n  testCaseStarted: {\n    id: testCaseStartedId,\n    testCaseId,\n    attempt: attempt++,\n    timestamp: createTimestamp()\n  }\n});\nwindow.testState = {\n  gherkinDocument,\n  pickles,\n  pickle\n};\nfor (const step of steps) {\n  if (step.hook) {\n    const hook = step.hook;\n    cy.then(() => {\n      Cypress.log({\n        name: \"step\",\n        displayName: hook.keyword,\n        message: \"\"\n      });\n      const start = createTimestamp();\n      messages.stack.push({\n        testStepStarted: {\n          testStepId: hook.id,\n          testCaseStartedId,\n          timestamp: start\n        }\n      });\n      if (messages.enabled) {\n        cy.task(constants_1.TASK_TEST_STEP_STARTED, hook.id, { log: false });\n      }\n      return cy.wrap(start, { log: false });\n    }).then((start) => {\n      registry2.runHook(this, hook);\n      return cy.wrap(start, { log: false });\n    }).then((start) => {\n      const end = createTimestamp();\n      messages.stack.push({\n        testStepFinished: {\n          testStepId: hook.id,\n          testCaseStartedId,\n          testStepResult: {\n            status: Status.Passed,\n            duration: duration(start, end)\n          },\n          timestamp: end\n        }\n      });\n      remainingSteps.shift();\n    });\n  } else if (step.pickleStep) {\n    const pickleStep = step.pickleStep;\n    const text = (0, assertions_1.assertAndReturn)(pickleStep.text, \"Expected pickle step to have a text\");\n    const scenarioStep = (0, assertions_1.assertAndReturn)(astIdMap.get((0, assertions_1.assertAndReturn)((_a2 = pickleStep.astNodeIds) === null || _a2 === void 0 ? void 0 : _a2[0], \"Expected to find at least one astNodeId\")), `Expected to find scenario step associated with id = ${(_b = pickleStep.astNodeIds) === null || _b === void 0 ? void 0 : _b[0]}`);\n    cy.then(() => {\n      Cypress.log({\n        name: \"step\",\n        displayName: (0, assertions_1.assertAndReturn)(\"keyword\" in scenarioStep && scenarioStep.keyword, \"Expected to find a keyword in the scenario step\"),\n        message: text\n      });\n    });\n    const argument = ((_c = pickleStep.argument) === null || _c === void 0 ? void 0 : _c.dataTable) ? new data_table_1.default(pickleStep.argument.dataTable) : ((_e = (_d = pickleStep.argument) === null || _d === void 0 ? void 0 : _d.docString) === null || _e === void 0 ? void 0 : _e.content) ? pickleStep.argument.docString.content : void 0;\n    cy.then(() => {\n      internalProperties.currentStep = { pickleStep };\n      const start = createTimestamp();\n      messages.stack.push({\n        testStepStarted: {\n          testStepId: pickleStep.id,\n          testCaseStartedId,\n          timestamp: start\n        }\n      });\n      if (messages.enabled) {\n        cy.task(constants_1.TASK_TEST_STEP_STARTED, pickleStep.id, { log: false });\n      }\n      return cy.wrap(start, { log: false });\n    }).then((start) => {\n      const ensureChain = (value) => Cypress.isCy(value) ? value : cy.wrap(value, { log: false });\n      try {\n        return ensureChain(registry2.runStepDefininition(this, text, argument)).then((result) => {\n          return {\n            start,\n            result\n          };\n        });\n      } catch (e) {\n        if (e instanceof registry_1.MissingDefinitionError) {\n          throw new Error(createMissingStepDefinitionMessage(context, text));\n        } else {\n          throw e;\n        }\n      }\n    }).then(({ start, result }) => {\n      var _a3, _b2, _c2;\n      const end = createTimestamp();\n      if (result === \"pending\") {\n        messages.stack.push({\n          testStepFinished: {\n            testStepId: pickleStep.id,\n            testCaseStartedId,\n            testStepResult: {\n              status: Status.Pending,\n              duration: duration(start, end)\n            },\n            timestamp: end\n          }\n        });\n        remainingSteps.shift();\n        for (const skippedStep of remainingSteps) {\n          const testStepId = (0, assertions_1.assertAndReturn)((_b2 = (_a3 = skippedStep.hook) === null || _a3 === void 0 ? void 0 : _a3.id) !== null && _b2 !== void 0 ? _b2 : (_c2 = skippedStep.pickleStep) === null || _c2 === void 0 ? void 0 : _c2.id, \"Expected a step to either be a hook or a pickleStep\");\n          messages.stack.push({\n            testStepStarted: {\n              testStepId,\n              testCaseStartedId\n            }\n          });\n          messages.stack.push({\n            testStepFinished: {\n              testStepId,\n              testCaseStartedId,\n              testStepResult: {\n                status: Status.Skipped\n              }\n            }\n          });\n        }\n        for (let i = 0, count = remainingSteps.length; i < count; i++) {\n          remainingSteps.pop();\n        }\n        this.skip();\n      } else {\n        messages.stack.push({\n          testStepFinished: {\n            testStepId: pickleStep.id,\n            testCaseStartedId,\n            testStepResult: {\n              status: Status.Passed,\n              duration: duration(start, end)\n            },\n            timestamp: end\n          }\n        });\n        remainingSteps.shift();\n      }\n    });\n  }\n}",
              "err": {
                "message": "TypeError: loginPage.IsVisibilePage is not a function",
                "estack": "TypeError: loginPage.IsVisibilePage is not a function\n    at Context.eval (https://unsplash.com/__cypress/tests?p=cypress\\e2e\\features\\Testsuite\\testsuite.feature:10163:19)\n    at Registry.runStepDefininition (https://unsplash.com/__cypress/tests?p=cypress\\e2e\\features\\Testsuite\\testsuite.feature:8324:48)\n    at Context.eval (https://unsplash.com/__cypress/tests?p=cypress\\e2e\\features\\Testsuite\\testsuite.feature:9100:48)",
                "diff": null
              },
              "uuid": "1b06c7e5-21ae-4d90-badb-fb8117a38856",
              "parentUUID": "6798c208-3ec8-4c4d-86dc-db8416302ae8",
              "isHook": false,
              "skipped": false
            }
          ],
          "suites": [],
          "passes": [],
          "failures": [
            "cddb6566-9947-47f2-bf68-7ffb9aad50a2",
            "f9268bf4-f3eb-4da3-8e27-49783a05a549",
            "b83b2e07-51bd-49de-8426-c94fa3b64ca3",
            "68a68111-6bc6-4c40-8b0b-ac0e0a017ce5",
            "1b06c7e5-21ae-4d90-badb-fb8117a38856"
          ],
          "pending": [],
          "skipped": [],
          "duration": 36107,
          "root": false,
          "rootEmpty": false,
          "_timeout": 2000
        }
      ],
      "passes": [],
      "failures": [],
      "pending": [],
      "skipped": [],
      "duration": 0,
      "root": true,
      "rootEmpty": true,
      "_timeout": 2000
    }
  ],
  "meta": {
    "mocha": {
      "version": "7.0.1"
    },
    "mochawesome": {
      "options": {
        "quiet": false,
        "reportFilename": "mochawesome",
        "saveHtml": true,
        "saveJson": true,
        "consoleReporter": "spec",
        "useInlineDiffs": false,
        "code": true
      },
      "version": "7.1.3"
    },
    "marge": {
      "options": {
        "id": "default",
        "reportDir": "cypress/reports/mocha",
        "quite": true,
        "overwrite": true,
        "html": true,
        "json": true
      },
      "version": "6.2.0"
    }
  }
}